<?xml version="1.0" encoding="UTF-8"?>
<!-- Generated by org.testng.reporters.JUnitReportReporter -->
<testsuite skipped="0" hostname="Akshit" name="Academy.ValidateTitle" tests="1" failures="0" timestamp="2020-06-21T14:35:34 IST" time="0.660" errors="0">
  <testcase name="ValidateTitl" time="0.660" classname="Academy.ValidateTitle"/>
  <system-out/>
</testsuite> <!-- Academy.ValidateTitle -->
