<?xml version="1.0" encoding="UTF-8"?>
<!-- Generated by org.testng.reporters.JUnitReportReporter -->
<testsuite skipped="0" hostname="Akshit" name="Academy.Homepage" tests="2" failures="0" timestamp="2020-06-21T14:35:34 IST" time="171.611" errors="0">
  <testcase name="basepagenavigation" time="86.693" classname="Academy.Homepage"/>
  <system-out/>
  <testcase name="basepagenavigation" time="84.918" classname="Academy.Homepage"/>
  <system-out/>
</testsuite> <!-- Academy.Homepage -->
