<?xml version="1.0" encoding="UTF-8"?>
<!-- Generated by org.testng.reporters.JUnitReportReporter -->
<testsuite skipped="0" hostname="Akshit" name="Academy.ValidateNavigationBar" tests="1" failures="0" timestamp="2020-06-21T14:35:33 IST" time="2.344" errors="0">
  <testcase name="ValNavigationBar" time="2.344" classname="Academy.ValidateNavigationBar"/>
  <system-out/>
</testsuite> <!-- Academy.ValidateNavigationBar -->
